  imgui.cpp
  imgui_demo.cpp
  imgui_draw.cpp
  imgui_impl_glfw.cpp
  imgui_impl_opengl3.cpp
  imgui_widgets.cpp
  Fox.cpp
  Creature.cpp
  Rabbit.cpp
  EcoData.cpp
  EcoSystem.cpp
  Terrain.cpp
  LogTool.cpp
  SpawnTool.cpp
  Tools.cpp
  main.cpp
  ViewerTool.cpp
  gl3w.c
  Generating code
  All 2793 functions were compiled because no usable IPDB/IOBJ from previous compilation was found.
  Finished generating code
  CS380_Research.vcxproj -> C:\Users\Aaron Chu\source\repos\CS380_Project4_chu-tan-fong\\bin\x64\Release\CS380_Research.exe
